Building DAG of jobs...
Archiving snakefiles, scripts and files under version control...
archived workflow/scripts/news_sentiment_trend.py
archived workflow/scripts/chord_with_counts.R
archived workflow/scripts/snscrape_twitter.py
archived workflow/scripts/plot_waffle_chart.py
archived data/india/ne_110m_admin_0_countries/ne_110m_admin_0_countries.cpg
archived workflow/scripts/fb_test.py
archived hello.txt
archived workflow/scripts/sentiment_news.py 
archived workflow/scripts/generate_chord_csv.py
archived my-workflow.tar.gz
archived data/india/ne_110m_admin_0_countries.zip
archived workflow/scripts/plot_waffle_chart_combined.py
archived workflow/scripts/plot_sankey_keywords_sentiments.py
archived workflow/scripts/reddit_pushshift.py
archived workflow/scripts/plot_bubble_map_attention_burden.py
archived workflow/scripts/keywords.py
archived data/india/ne_110m_admin_0_countries/ne_110m_admin_0_countries.prj
archived data/india/ne_110m_admin_0_countries/ne_110m_admin_0_countries.VERSION.txt
archived workflow/scripts/youtube_wordcloud.py
archived data/clean/ntd_burden_attention_final.csv
archived workflow/scripts/word_network.py
archived workflow/scripts/twitter_scraper.py
archived data/sentiment/youtube_sentiment.csv
archived workflow/scripts/generate_attention_table.py
archived .snakemake/metadata/aGVsbG8udHh0
archived workflow/scripts/yt_topic_modeling.py
archived workflow/scripts/ch_circular.py
archived workflow/scripts/youtube_link_collector.py
archived workflow/scripts/sentiment_youtube.py
archived data/shapefiles/ne_110m_admin_0_countries/ne_110m_admin_0_countries.prj
archived workflow/scripts/news_wordcloud.py
archived workflow/scripts/plot_attention_vs_burden_plos_final2.py
archived data/india/ne_110m_admin_0_countries/ne_110m_admin_0_countries.shx
archived data/raw/twitter_by_disease.csv
archived data/shapefiles/ne_110m_admin_0_countries/ne_110m_admin_0_countries.dbf
archived workflow/scripts/compute_average_burden_and_merge.py
archived data/shapefiles/ne_110m_admin_0_countries/ne_110m_admin_0_countries.VERSION.txt
archived workflow/scripts/plot_attention_vs_burden_polished.py
archived data/clean/ntd_burden_attention_merged.csv
archived data/clean/ntd_attention_table_with_totals.csv
archived data/india/ne_110m_admin_0_countries/ne_110m_admin_0_countries.shp
archived workflow/scripts/plot_attention_vs_burden_plos_final.py
archived workflow/scripts/final_clean_burden_attention.py
archived workflow/scripts/outube_topic_sentiment_table.py 
archived workflow/scripts/news_topic_modeling.py
archived workflow/scripts/total_attenionscore.py
archived workflow/scripts/youtube_sentiment_pie.py
archived .snakemake/log/2025-07-15T002516.360639.snakemake.log
archived workflow/scripts/news_topic_sentiment_table.py
archived data/shapefiles/ne_110m_admin_0_countries.zip
archived workflow/scripts/chord.R
archived workflow/scripts/plot_topic_sentiment_heatmap.py
archived data/raw/facebook_posts.csv
archived workflow/scripts/youtube_topic_sentiment_table.py
archived data/clean/youtube_comments_clean.csv
archived data/raw/youtube_comments.csv
archived data/shapefiles/ne_110m_admin_0_countries/ne_110m_admin_0_countries.cpg
archived data/shapefiles/.DS_Store
archived workflow/scripts/youtube_comments.py
archived workflow/scripts/~$Dengue.xlsx
archived data/india/ne_110m_admin_0_countries/ne_110m_admin_0_countries.dbf
archived workflow/scripts/chord.py
archived workflow/scripts/facebook_mobile_scraper.py
archived data/clean/google_news_clean.csv
archived data/shapefiles/ne_110m_admin_0_countries/ne_110m_admin_0_countries.shp
archived workflow/scripts/plot_chord_diagram.R
archived data/raw/google_news.csv
archived .snakemake/log/2025-07-14T181215.661334.snakemake.log
archived data/clean/ntd_attention_table.csv
archived workflow/scripts/ch_diagram.py
archived Snakefile
archived data/india/ne_110m_admin_0_countries/ne_110m_admin_0_countries.README.html
archived workflow/scripts/google_news_scraper.py
archived data/india/.DS_Store
archived workflow/scripts/clean_youtube_comments.py
archived workflow/scripts/run_all_pipeline.py
archived workflow/scripts/.DS_Store
archived data/raw/youtube_links.csv
archived data/.DS_Store
archived workflow/scripts/snscrape_twitter_per_disease.py
archived workflow/scripts/clean_google_news.py
archived data/shapefiles/ne_110m_admin_0_countries/ne_110m_admin_0_countries.README.html
archived workflow/scripts/plot_sentiment_by_topic.py
archived data/raw/twitter_scraped.csv
archived data/sentiment/news_sentiment.csv
archived workflow/scripts/wordcloud_pos_neg.py
archived workflow/scripts/yt_cooccurrence.py
archived data/shapefiles/ne_110m_admin_0_countries/ne_110m_admin_0_countries.shx
Archiving external input files...
Archiving conda environments...
